2025-05-10 12:02:08,667 - passlib.utils.compat - DEBUG - loaded lazy attr 'SafeConfigParser': <class 'configparser.ConfigParser'>
2025-05-10 12:02:08,667 - passlib.utils.compat - DEBUG - loaded lazy attr 'NativeStringIO': <class '_io.StringIO'>
2025-05-10 12:02:08,668 - passlib.utils.compat - DEBUG - loaded lazy attr 'BytesIO': <class '_io.BytesIO'>
2025-05-10 12:02:08,675 - passlib.registry - DEBUG - registered 'bcrypt' handler: <class 'passlib.handlers.bcrypt.bcrypt'>
2025-05-10 12:02:08,787 - backend.main - INFO - Aplicación configurada y lista para recibir peticiones
2025-05-10 12:02:08,789 - backend.main - INFO - Iniciando aplicación y configurando scheduler
2025-05-10 12:02:08,789 - tzlocal - DEBUG - Looking up time zone info from registry
2025-05-10 12:02:08,800 - apscheduler.scheduler - INFO - Adding job tentatively -- it will be properly scheduled when the scheduler starts
2025-05-10 12:02:08,802 - apscheduler.scheduler - INFO - Added job "start_scheduler.<locals>.<lambda>" to job store "default"
2025-05-10 12:02:08,802 - apscheduler.scheduler - INFO - Scheduler started
2025-05-10 12:02:08,803 - apscheduler.scheduler - DEBUG - Looking for jobs to run
2025-05-10 12:02:08,803 - backend.main - INFO - Scheduler configurado correctamente
2025-05-10 12:02:08,804 - apscheduler.scheduler - DEBUG - Next wakeup is due at 2025-05-10 12:07:08.800765-05:00 (in 299.996776 seconds)
2025-05-10 12:02:42,451 - python_multipart.multipart - DEBUG - Calling on_field_start with no data
2025-05-10 12:02:42,451 - python_multipart.multipart - DEBUG - Calling on_field_name with data[0:10]
2025-05-10 12:02:42,452 - python_multipart.multipart - DEBUG - Calling on_field_data with data[11:19]
2025-05-10 12:02:42,452 - python_multipart.multipart - DEBUG - Calling on_field_end with no data
2025-05-10 12:02:42,452 - python_multipart.multipart - DEBUG - Calling on_field_start with no data
2025-05-10 12:02:42,453 - python_multipart.multipart - DEBUG - Calling on_field_name with data[20:28]
2025-05-10 12:02:42,453 - python_multipart.multipart - DEBUG - Calling on_field_data with data[29:44]
2025-05-10 12:02:42,453 - python_multipart.multipart - DEBUG - Calling on_field_end with no data
2025-05-10 12:02:42,454 - python_multipart.multipart - DEBUG - Calling on_field_start with no data
2025-05-10 12:02:42,454 - python_multipart.multipart - DEBUG - Calling on_field_name with data[45:53]
2025-05-10 12:02:42,454 - python_multipart.multipart - DEBUG - Calling on_field_data with data[54:69]
2025-05-10 12:02:42,455 - python_multipart.multipart - DEBUG - Calling on_field_end with no data
2025-05-10 12:02:42,455 - python_multipart.multipart - DEBUG - Calling on_end with no data
2025-05-10 12:02:42,512 - backend.controladores.usuarioIngreso - WARNING - Intento de login fallido para el usuario mateo@example: Usuario no encontrado.
2025-05-10 12:02:42,512 - backend.controladores.usuarioIngreso - ERROR - Error en el proceso de login: 401: Usuario no encontrado.
2025-05-10 12:03:15,896 - passlib.handlers.bcrypt - WARNING - (trapped) error reading bcrypt version
Traceback (most recent call last):
  File "D:\Code Snippets\Python\FastAPI\2025\Yavanna\backend\venv\Lib\site-packages\passlib\handlers\bcrypt.py", line 620, in _load_backend_mixin
    version = _bcrypt.__about__.__version__
              ^^^^^^^^^^^^^^^^^
AttributeError: module 'bcrypt' has no attribute '__about__'
2025-05-10 12:03:15,898 - passlib.handlers.bcrypt - DEBUG - detected 'bcrypt' backend, version '<unknown>'
2025-05-10 12:03:15,899 - passlib.handlers.bcrypt - DEBUG - 'bcrypt' backend lacks $2$ support, enabling workaround
2025-05-10 12:05:40,996 - passlib.utils.compat - DEBUG - loaded lazy attr 'SafeConfigParser': <class 'configparser.ConfigParser'>
2025-05-10 12:05:40,997 - passlib.utils.compat - DEBUG - loaded lazy attr 'NativeStringIO': <class '_io.StringIO'>
2025-05-10 12:05:40,997 - passlib.utils.compat - DEBUG - loaded lazy attr 'BytesIO': <class '_io.BytesIO'>
2025-05-10 12:05:41,004 - passlib.registry - DEBUG - registered 'bcrypt' handler: <class 'passlib.handlers.bcrypt.bcrypt'>
2025-05-10 12:05:41,205 - backend.main - INFO - Aplicación configurada y lista para recibir peticiones
2025-05-10 12:05:41,206 - backend.main - INFO - Iniciando aplicación y configurando scheduler
2025-05-10 12:05:41,206 - tzlocal - DEBUG - Looking up time zone info from registry
2025-05-10 12:05:41,216 - apscheduler.scheduler - INFO - Adding job tentatively -- it will be properly scheduled when the scheduler starts
2025-05-10 12:05:41,218 - apscheduler.scheduler - INFO - Added job "start_scheduler.<locals>.<lambda>" to job store "default"
2025-05-10 12:05:41,218 - apscheduler.scheduler - INFO - Scheduler started
2025-05-10 12:05:41,219 - apscheduler.scheduler - DEBUG - Looking for jobs to run
2025-05-10 12:05:41,219 - backend.main - INFO - Scheduler configurado correctamente
2025-05-10 12:05:41,219 - apscheduler.scheduler - DEBUG - Next wakeup is due at 2025-05-10 12:10:41.216183-05:00 (in 299.996258 seconds)
2025-05-10 12:06:07,784 - python_multipart.multipart - DEBUG - Calling on_field_start with no data
2025-05-10 12:06:07,785 - python_multipart.multipart - DEBUG - Calling on_field_name with data[0:10]
2025-05-10 12:06:07,785 - python_multipart.multipart - DEBUG - Calling on_field_data with data[11:19]
2025-05-10 12:06:07,786 - python_multipart.multipart - DEBUG - Calling on_field_end with no data
2025-05-10 12:06:07,786 - python_multipart.multipart - DEBUG - Calling on_field_start with no data
2025-05-10 12:06:07,787 - python_multipart.multipart - DEBUG - Calling on_field_name with data[20:28]
2025-05-10 12:06:07,787 - python_multipart.multipart - DEBUG - Calling on_field_data with data[29:56]
2025-05-10 12:06:07,788 - python_multipart.multipart - DEBUG - Calling on_field_end with no data
2025-05-10 12:06:07,788 - python_multipart.multipart - DEBUG - Calling on_field_start with no data
2025-05-10 12:06:07,789 - python_multipart.multipart - DEBUG - Calling on_field_name with data[57:65]
2025-05-10 12:06:07,789 - python_multipart.multipart - DEBUG - Calling on_field_data with data[66:81]
2025-05-10 12:06:07,790 - python_multipart.multipart - DEBUG - Calling on_field_end with no data
2025-05-10 12:06:07,790 - python_multipart.multipart - DEBUG - Calling on_field_start with no data
2025-05-10 12:06:07,790 - python_multipart.multipart - DEBUG - Calling on_field_name with data[82:87]
2025-05-10 12:06:07,791 - python_multipart.multipart - DEBUG - Calling on_field_end with no data
2025-05-10 12:06:07,791 - python_multipart.multipart - DEBUG - Calling on_field_start with no data
2025-05-10 12:06:07,792 - python_multipart.multipart - DEBUG - Calling on_field_name with data[89:98]
2025-05-10 12:06:07,792 - python_multipart.multipart - DEBUG - Calling on_field_data with data[99:105]
2025-05-10 12:06:07,792 - python_multipart.multipart - DEBUG - Calling on_field_end with no data
2025-05-10 12:06:07,793 - python_multipart.multipart - DEBUG - Calling on_field_start with no data
2025-05-10 12:06:07,793 - python_multipart.multipart - DEBUG - Calling on_field_name with data[106:119]
2025-05-10 12:06:07,793 - python_multipart.multipart - DEBUG - Calling on_field_data with data[120:126]
2025-05-10 12:06:07,794 - python_multipart.multipart - DEBUG - Calling on_field_end with no data
2025-05-10 12:06:07,794 - python_multipart.multipart - DEBUG - Calling on_end with no data
2025-05-10 12:06:07,860 - passlib.handlers.bcrypt - WARNING - (trapped) error reading bcrypt version
Traceback (most recent call last):
  File "D:\Code Snippets\Python\FastAPI\2025\Yavanna\backend\venv\Lib\site-packages\passlib\handlers\bcrypt.py", line 620, in _load_backend_mixin
    version = _bcrypt.__about__.__version__
              ^^^^^^^^^^^^^^^^^
AttributeError: module 'bcrypt' has no attribute '__about__'
2025-05-10 12:06:07,863 - passlib.handlers.bcrypt - DEBUG - detected 'bcrypt' backend, version '<unknown>'
2025-05-10 12:06:07,863 - passlib.handlers.bcrypt - DEBUG - 'bcrypt' backend lacks $2$ support, enabling workaround
2025-05-10 12:06:08,157 - backend.controladores.usuarioIngreso - INFO - Login exitoso para el usuario pruebausuario@example.com
2025-05-10 12:06:23,739 - python_multipart.multipart - DEBUG - Calling on_field_start with no data
2025-05-10 12:06:23,740 - python_multipart.multipart - DEBUG - Calling on_field_name with data[0:10]
2025-05-10 12:06:23,740 - python_multipart.multipart - DEBUG - Calling on_field_data with data[11:19]
2025-05-10 12:06:23,741 - python_multipart.multipart - DEBUG - Calling on_field_end with no data
2025-05-10 12:06:23,741 - python_multipart.multipart - DEBUG - Calling on_field_start with no data
2025-05-10 12:06:23,741 - python_multipart.multipart - DEBUG - Calling on_field_name with data[20:28]
2025-05-10 12:06:23,742 - python_multipart.multipart - DEBUG - Calling on_field_data with data[29:56]
2025-05-10 12:06:23,742 - python_multipart.multipart - DEBUG - Calling on_field_end with no data
2025-05-10 12:06:23,742 - python_multipart.multipart - DEBUG - Calling on_field_start with no data
2025-05-10 12:06:23,743 - python_multipart.multipart - DEBUG - Calling on_field_name with data[57:65]
2025-05-10 12:06:23,743 - python_multipart.multipart - DEBUG - Calling on_field_data with data[66:81]
2025-05-10 12:06:23,744 - python_multipart.multipart - DEBUG - Calling on_field_end with no data
2025-05-10 12:06:23,744 - python_multipart.multipart - DEBUG - Calling on_end with no data
2025-05-10 12:06:23,747 - backend.controladores.usuarioIngreso - WARNING - Intento de login fallido para el usuario usuarioprueba@example.com: Usuario no encontrado.
2025-05-10 12:06:23,747 - backend.controladores.usuarioIngreso - ERROR - Error en el proceso de login: 401: Usuario no encontrado.
2025-05-10 12:06:43,646 - python_multipart.multipart - DEBUG - Calling on_field_start with no data
2025-05-10 12:06:43,647 - python_multipart.multipart - DEBUG - Calling on_field_name with data[0:10]
2025-05-10 12:06:43,648 - python_multipart.multipart - DEBUG - Calling on_field_data with data[11:19]
2025-05-10 12:06:43,648 - python_multipart.multipart - DEBUG - Calling on_field_end with no data
2025-05-10 12:06:43,649 - python_multipart.multipart - DEBUG - Calling on_field_start with no data
2025-05-10 12:06:43,650 - python_multipart.multipart - DEBUG - Calling on_field_name with data[20:28]
2025-05-10 12:06:43,651 - python_multipart.multipart - DEBUG - Calling on_field_data with data[29:56]
2025-05-10 12:06:43,652 - python_multipart.multipart - DEBUG - Calling on_field_end with no data
2025-05-10 12:06:43,653 - python_multipart.multipart - DEBUG - Calling on_field_start with no data
2025-05-10 12:06:43,654 - python_multipart.multipart - DEBUG - Calling on_field_name with data[57:65]
2025-05-10 12:06:43,655 - python_multipart.multipart - DEBUG - Calling on_field_data with data[66:81]
2025-05-10 12:06:43,655 - python_multipart.multipart - DEBUG - Calling on_field_end with no data
2025-05-10 12:06:43,656 - python_multipart.multipart - DEBUG - Calling on_end with no data
2025-05-10 12:06:43,661 - backend.controladores.usuarioIngreso - WARNING - Intento de login fallido para el usuario usuarioprueba@example.com: Usuario no encontrado.
2025-05-10 12:06:43,662 - backend.controladores.usuarioIngreso - ERROR - Error en el proceso de login: 401: Usuario no encontrado.
2025-05-10 12:06:52,593 - python_multipart.multipart - DEBUG - Calling on_field_start with no data
2025-05-10 12:06:52,594 - python_multipart.multipart - DEBUG - Calling on_field_name with data[0:10]
2025-05-10 12:06:52,594 - python_multipart.multipart - DEBUG - Calling on_field_data with data[11:19]
2025-05-10 12:06:52,595 - python_multipart.multipart - DEBUG - Calling on_field_end with no data
2025-05-10 12:06:52,595 - python_multipart.multipart - DEBUG - Calling on_field_start with no data
2025-05-10 12:06:52,595 - python_multipart.multipart - DEBUG - Calling on_field_name with data[20:28]
2025-05-10 12:06:52,596 - python_multipart.multipart - DEBUG - Calling on_field_data with data[29:56]
2025-05-10 12:06:52,596 - python_multipart.multipart - DEBUG - Calling on_field_end with no data
2025-05-10 12:06:52,597 - python_multipart.multipart - DEBUG - Calling on_field_start with no data
2025-05-10 12:06:52,597 - python_multipart.multipart - DEBUG - Calling on_field_name with data[57:65]
2025-05-10 12:06:52,597 - python_multipart.multipart - DEBUG - Calling on_field_data with data[66:81]
2025-05-10 12:06:52,598 - python_multipart.multipart - DEBUG - Calling on_field_end with no data
2025-05-10 12:06:52,598 - python_multipart.multipart - DEBUG - Calling on_end with no data
2025-05-10 12:06:52,618 - backend.controladores.usuarioIngreso - WARNING - Intento de login fallido para el usuario usuarioprueba@example.com: Usuario no encontrado.
2025-05-10 12:06:52,619 - backend.controladores.usuarioIngreso - ERROR - Error en el proceso de login: 401: Usuario no encontrado.
2025-05-10 12:06:59,441 - passlib.utils.compat - DEBUG - loaded lazy attr 'SafeConfigParser': <class 'configparser.ConfigParser'>
2025-05-10 12:06:59,442 - passlib.utils.compat - DEBUG - loaded lazy attr 'NativeStringIO': <class '_io.StringIO'>
2025-05-10 12:06:59,443 - passlib.utils.compat - DEBUG - loaded lazy attr 'BytesIO': <class '_io.BytesIO'>
2025-05-10 12:06:59,459 - passlib.registry - DEBUG - registered 'bcrypt' handler: <class 'passlib.handlers.bcrypt.bcrypt'>
2025-05-10 12:06:59,822 - backend.main - INFO - Aplicación configurada y lista para recibir peticiones
2025-05-10 12:06:59,824 - backend.main - INFO - Iniciando aplicación y configurando scheduler
2025-05-10 12:06:59,825 - tzlocal - DEBUG - Looking up time zone info from registry
2025-05-10 12:06:59,837 - apscheduler.scheduler - INFO - Adding job tentatively -- it will be properly scheduled when the scheduler starts
2025-05-10 12:06:59,838 - apscheduler.scheduler - INFO - Added job "start_scheduler.<locals>.<lambda>" to job store "default"
2025-05-10 12:06:59,839 - apscheduler.scheduler - INFO - Scheduler started
2025-05-10 12:06:59,839 - apscheduler.scheduler - DEBUG - Looking for jobs to run
2025-05-10 12:06:59,839 - backend.main - INFO - Scheduler configurado correctamente
2025-05-10 12:06:59,840 - apscheduler.scheduler - DEBUG - Next wakeup is due at 2025-05-10 12:11:59.836992-05:00 (in 299.996754 seconds)
2025-05-10 12:07:02,887 - passlib.utils.compat - DEBUG - loaded lazy attr 'SafeConfigParser': <class 'configparser.ConfigParser'>
2025-05-10 12:07:02,888 - passlib.utils.compat - DEBUG - loaded lazy attr 'NativeStringIO': <class '_io.StringIO'>
2025-05-10 12:07:02,888 - passlib.utils.compat - DEBUG - loaded lazy attr 'BytesIO': <class '_io.BytesIO'>
2025-05-10 12:07:02,895 - passlib.registry - DEBUG - registered 'bcrypt' handler: <class 'passlib.handlers.bcrypt.bcrypt'>
2025-05-10 12:07:02,978 - backend.main - INFO - Aplicación configurada y lista para recibir peticiones
2025-05-10 12:07:02,980 - backend.main - INFO - Iniciando aplicación y configurando scheduler
2025-05-10 12:07:02,980 - tzlocal - DEBUG - Looking up time zone info from registry
2025-05-10 12:07:02,989 - apscheduler.scheduler - INFO - Adding job tentatively -- it will be properly scheduled when the scheduler starts
2025-05-10 12:07:02,991 - apscheduler.scheduler - INFO - Added job "start_scheduler.<locals>.<lambda>" to job store "default"
2025-05-10 12:07:02,991 - apscheduler.scheduler - INFO - Scheduler started
2025-05-10 12:07:02,992 - apscheduler.scheduler - DEBUG - Looking for jobs to run
2025-05-10 12:07:02,992 - backend.main - INFO - Scheduler configurado correctamente
2025-05-10 12:07:02,992 - apscheduler.scheduler - DEBUG - Next wakeup is due at 2025-05-10 12:12:02.989365-05:00 (in 299.996706 seconds)
2025-05-10 12:07:55,098 - python_multipart.multipart - DEBUG - Calling on_field_start with no data
2025-05-10 12:07:55,099 - python_multipart.multipart - DEBUG - Calling on_field_name with data[0:10]
2025-05-10 12:07:55,099 - python_multipart.multipart - DEBUG - Calling on_field_data with data[11:19]
2025-05-10 12:07:55,100 - python_multipart.multipart - DEBUG - Calling on_field_end with no data
2025-05-10 12:07:55,100 - python_multipart.multipart - DEBUG - Calling on_field_start with no data
2025-05-10 12:07:55,101 - python_multipart.multipart - DEBUG - Calling on_field_name with data[20:28]
2025-05-10 12:07:55,102 - python_multipart.multipart - DEBUG - Calling on_field_data with data[29:56]
2025-05-10 12:07:55,102 - python_multipart.multipart - DEBUG - Calling on_field_end with no data
2025-05-10 12:07:55,103 - python_multipart.multipart - DEBUG - Calling on_field_start with no data
2025-05-10 12:07:55,104 - python_multipart.multipart - DEBUG - Calling on_field_name with data[57:65]
2025-05-10 12:07:55,104 - python_multipart.multipart - DEBUG - Calling on_field_data with data[66:81]
2025-05-10 12:07:55,105 - python_multipart.multipart - DEBUG - Calling on_field_end with no data
2025-05-10 12:07:55,105 - python_multipart.multipart - DEBUG - Calling on_field_start with no data
2025-05-10 12:07:55,106 - python_multipart.multipart - DEBUG - Calling on_field_name with data[82:87]
2025-05-10 12:07:55,107 - python_multipart.multipart - DEBUG - Calling on_field_end with no data
2025-05-10 12:07:55,107 - python_multipart.multipart - DEBUG - Calling on_field_start with no data
2025-05-10 12:07:55,108 - python_multipart.multipart - DEBUG - Calling on_field_name with data[89:98]
2025-05-10 12:07:55,109 - python_multipart.multipart - DEBUG - Calling on_field_data with data[99:105]
2025-05-10 12:07:55,109 - python_multipart.multipart - DEBUG - Calling on_field_end with no data
2025-05-10 12:07:55,110 - python_multipart.multipart - DEBUG - Calling on_field_start with no data
2025-05-10 12:07:55,110 - python_multipart.multipart - DEBUG - Calling on_field_name with data[106:119]
2025-05-10 12:07:55,111 - python_multipart.multipart - DEBUG - Calling on_field_data with data[120:126]
2025-05-10 12:07:55,112 - python_multipart.multipart - DEBUG - Calling on_field_end with no data
2025-05-10 12:07:55,113 - python_multipart.multipart - DEBUG - Calling on_end with no data
2025-05-10 12:07:55,158 - backend.controladores.usuarioIngreso - WARNING - Intento de login fallido para el usuario usuarioprueba@example.com: Usuario no encontrado.
2025-05-10 12:07:55,158 - backend.controladores.usuarioIngreso - ERROR - Error en el proceso de login: 401: Usuario no encontrado.
2025-05-10 12:09:25,364 - passlib.utils.compat - DEBUG - loaded lazy attr 'SafeConfigParser': <class 'configparser.ConfigParser'>
2025-05-10 12:09:25,365 - passlib.utils.compat - DEBUG - loaded lazy attr 'NativeStringIO': <class '_io.StringIO'>
2025-05-10 12:09:25,365 - passlib.utils.compat - DEBUG - loaded lazy attr 'BytesIO': <class '_io.BytesIO'>
2025-05-10 12:09:25,372 - passlib.registry - DEBUG - registered 'bcrypt' handler: <class 'passlib.handlers.bcrypt.bcrypt'>
2025-05-10 12:09:25,716 - backend.main - INFO - Aplicación configurada y lista para recibir peticiones
2025-05-10 12:09:25,717 - backend.main - INFO - Iniciando aplicación y configurando scheduler
2025-05-10 12:09:25,718 - tzlocal - DEBUG - Looking up time zone info from registry
2025-05-10 12:09:25,728 - apscheduler.scheduler - INFO - Adding job tentatively -- it will be properly scheduled when the scheduler starts
2025-05-10 12:09:25,730 - apscheduler.scheduler - INFO - Added job "start_scheduler.<locals>.<lambda>" to job store "default"
2025-05-10 12:09:25,730 - apscheduler.scheduler - INFO - Scheduler started
2025-05-10 12:09:25,731 - apscheduler.scheduler - DEBUG - Looking for jobs to run
2025-05-10 12:09:25,731 - backend.main - INFO - Scheduler configurado correctamente
2025-05-10 12:09:25,731 - apscheduler.scheduler - DEBUG - Next wakeup is due at 2025-05-10 12:14:25.728402-05:00 (in 299.996474 seconds)
2025-05-10 12:09:51,168 - passlib.utils.compat - DEBUG - loaded lazy attr 'SafeConfigParser': <class 'configparser.ConfigParser'>
2025-05-10 12:09:51,169 - passlib.utils.compat - DEBUG - loaded lazy attr 'NativeStringIO': <class '_io.StringIO'>
2025-05-10 12:09:51,169 - passlib.utils.compat - DEBUG - loaded lazy attr 'BytesIO': <class '_io.BytesIO'>
2025-05-10 12:09:51,178 - passlib.registry - DEBUG - registered 'bcrypt' handler: <class 'passlib.handlers.bcrypt.bcrypt'>
2025-05-10 12:10:10,541 - passlib.utils.compat - DEBUG - loaded lazy attr 'SafeConfigParser': <class 'configparser.ConfigParser'>
2025-05-10 12:10:10,542 - passlib.utils.compat - DEBUG - loaded lazy attr 'NativeStringIO': <class '_io.StringIO'>
2025-05-10 12:10:10,542 - passlib.utils.compat - DEBUG - loaded lazy attr 'BytesIO': <class '_io.BytesIO'>
2025-05-10 12:10:10,554 - passlib.registry - DEBUG - registered 'bcrypt' handler: <class 'passlib.handlers.bcrypt.bcrypt'>
2025-05-10 12:10:10,928 - backend.main - INFO - Aplicación configurada y lista para recibir peticiones
2025-05-10 12:10:10,930 - backend.main - INFO - Iniciando aplicación y configurando scheduler
2025-05-10 12:10:10,930 - tzlocal - DEBUG - Looking up time zone info from registry
2025-05-10 12:10:10,942 - apscheduler.scheduler - INFO - Adding job tentatively -- it will be properly scheduled when the scheduler starts
2025-05-10 12:10:10,944 - apscheduler.scheduler - INFO - Added job "start_scheduler.<locals>.<lambda>" to job store "default"
2025-05-10 12:10:10,944 - apscheduler.scheduler - INFO - Scheduler started
2025-05-10 12:10:10,945 - apscheduler.scheduler - DEBUG - Looking for jobs to run
2025-05-10 12:10:10,945 - backend.main - INFO - Scheduler configurado correctamente
2025-05-10 12:10:10,946 - apscheduler.scheduler - DEBUG - Next wakeup is due at 2025-05-10 12:15:10.941982-05:00 (in 299.995590 seconds)
2025-05-10 12:10:29,034 - passlib.utils.compat - DEBUG - loaded lazy attr 'SafeConfigParser': <class 'configparser.ConfigParser'>
2025-05-10 12:10:29,035 - passlib.utils.compat - DEBUG - loaded lazy attr 'NativeStringIO': <class '_io.StringIO'>
2025-05-10 12:10:29,035 - passlib.utils.compat - DEBUG - loaded lazy attr 'BytesIO': <class '_io.BytesIO'>
2025-05-10 12:10:29,043 - passlib.registry - DEBUG - registered 'bcrypt' handler: <class 'passlib.handlers.bcrypt.bcrypt'>
2025-05-10 12:10:29,223 - backend.main - INFO - Aplicación configurada y lista para recibir peticiones
2025-05-10 12:10:29,224 - backend.main - INFO - Iniciando aplicación y configurando scheduler
2025-05-10 12:10:29,225 - tzlocal - DEBUG - Looking up time zone info from registry
2025-05-10 12:10:29,235 - apscheduler.scheduler - INFO - Adding job tentatively -- it will be properly scheduled when the scheduler starts
2025-05-10 12:10:29,238 - apscheduler.scheduler - INFO - Added job "start_scheduler.<locals>.<lambda>" to job store "default"
2025-05-10 12:10:29,238 - apscheduler.scheduler - INFO - Scheduler started
2025-05-10 12:10:29,239 - apscheduler.scheduler - DEBUG - Looking for jobs to run
2025-05-10 12:10:29,239 - backend.main - INFO - Scheduler configurado correctamente
2025-05-10 12:10:29,240 - apscheduler.scheduler - DEBUG - Next wakeup is due at 2025-05-10 12:15:29.235788-05:00 (in 299.995537 seconds)
2025-05-10 12:10:46,082 - passlib.utils.compat - DEBUG - loaded lazy attr 'SafeConfigParser': <class 'configparser.ConfigParser'>
2025-05-10 12:10:46,083 - passlib.utils.compat - DEBUG - loaded lazy attr 'NativeStringIO': <class '_io.StringIO'>
2025-05-10 12:10:46,083 - passlib.utils.compat - DEBUG - loaded lazy attr 'BytesIO': <class '_io.BytesIO'>
2025-05-10 12:10:46,090 - passlib.registry - DEBUG - registered 'bcrypt' handler: <class 'passlib.handlers.bcrypt.bcrypt'>
2025-05-10 12:10:46,180 - backend.main - INFO - Aplicación configurada y lista para recibir peticiones
2025-05-10 12:10:46,182 - backend.main - INFO - Iniciando aplicación y configurando scheduler
2025-05-10 12:10:46,182 - tzlocal - DEBUG - Looking up time zone info from registry
2025-05-10 12:10:46,192 - apscheduler.scheduler - INFO - Adding job tentatively -- it will be properly scheduled when the scheduler starts
2025-05-10 12:10:46,193 - apscheduler.scheduler - INFO - Added job "start_scheduler.<locals>.<lambda>" to job store "default"
2025-05-10 12:10:46,194 - apscheduler.scheduler - INFO - Scheduler started
2025-05-10 12:10:46,195 - apscheduler.scheduler - DEBUG - Looking for jobs to run
2025-05-10 12:10:46,195 - backend.main - INFO - Scheduler configurado correctamente
2025-05-10 12:10:46,195 - apscheduler.scheduler - DEBUG - Next wakeup is due at 2025-05-10 12:15:46.191974-05:00 (in 299.996357 seconds)
2025-05-10 12:11:36,706 - backend.controladores.usuarioRegistro - INFO - Iniciando registro de usuario: otro@example.com
2025-05-10 12:11:36,756 - passlib.handlers.bcrypt - WARNING - (trapped) error reading bcrypt version
Traceback (most recent call last):
  File "D:\Code Snippets\Python\FastAPI\2025\Yavanna\backend\venv\Lib\site-packages\passlib\handlers\bcrypt.py", line 620, in _load_backend_mixin
    version = _bcrypt.__about__.__version__
              ^^^^^^^^^^^^^^^^^
AttributeError: module 'bcrypt' has no attribute '__about__'
2025-05-10 12:11:36,758 - passlib.handlers.bcrypt - DEBUG - detected 'bcrypt' backend, version '<unknown>'
2025-05-10 12:11:36,759 - passlib.handlers.bcrypt - DEBUG - 'bcrypt' backend lacks $2$ support, enabling workaround
2025-05-10 12:11:37,100 - backend.controladores.usuarioRegistro - INFO - Usuario registrado correctamente: otro@example.com. Se ha enviado correo de activación.
2025-05-10 12:12:10,766 - backend.controladores.usuarioRegistro - INFO - Iniciando registro de usuario: otro@example.com
2025-05-10 12:12:10,768 - backend.controladores.usuarioRegistro - WARNING - Intento de registro con email ya existente: otro@example.com
2025-05-10 12:12:45,588 - backend.controladores.usuarioRegistro - DEBUG - Procesando activación de cuenta con token
2025-05-10 12:12:45,606 - backend.controladores.usuarioRegistro - INFO - Cuenta activada correctamente para: otro@example.com
2025-05-10 12:13:03,718 - python_multipart.multipart - DEBUG - Calling on_field_start with no data
2025-05-10 12:13:03,718 - python_multipart.multipart - DEBUG - Calling on_field_name with data[0:10]
2025-05-10 12:13:03,719 - python_multipart.multipart - DEBUG - Calling on_field_data with data[11:19]
2025-05-10 12:13:03,719 - python_multipart.multipart - DEBUG - Calling on_field_end with no data
2025-05-10 12:13:03,720 - python_multipart.multipart - DEBUG - Calling on_field_start with no data
2025-05-10 12:13:03,720 - python_multipart.multipart - DEBUG - Calling on_field_name with data[20:28]
2025-05-10 12:13:03,721 - python_multipart.multipart - DEBUG - Calling on_field_data with data[29:47]
2025-05-10 12:13:03,721 - python_multipart.multipart - DEBUG - Calling on_field_end with no data
2025-05-10 12:13:03,721 - python_multipart.multipart - DEBUG - Calling on_field_start with no data
2025-05-10 12:13:03,722 - python_multipart.multipart - DEBUG - Calling on_field_name with data[48:56]
2025-05-10 12:13:03,722 - python_multipart.multipart - DEBUG - Calling on_field_data with data[57:72]
2025-05-10 12:13:03,723 - python_multipart.multipart - DEBUG - Calling on_field_end with no data
2025-05-10 12:13:03,723 - python_multipart.multipart - DEBUG - Calling on_end with no data
2025-05-10 12:13:03,725 - backend.controladores.usuarioIngreso - INFO - Intento de login desde 127.0.0.1 para usuario: otro@example.com
2025-05-10 12:13:04,003 - backend.controladores.usuarioIngreso - WARNING - Autenticación fallida para usuario otro@example.com: Contraseńa incorrecta.
2025-05-10 12:13:14,716 - python_multipart.multipart - DEBUG - Calling on_field_start with no data
2025-05-10 12:13:14,718 - python_multipart.multipart - DEBUG - Calling on_field_name with data[0:10]
2025-05-10 12:13:14,719 - python_multipart.multipart - DEBUG - Calling on_field_data with data[11:19]
2025-05-10 12:13:14,720 - python_multipart.multipart - DEBUG - Calling on_field_end with no data
2025-05-10 12:13:14,721 - python_multipart.multipart - DEBUG - Calling on_field_start with no data
2025-05-10 12:13:14,722 - python_multipart.multipart - DEBUG - Calling on_field_name with data[20:28]
2025-05-10 12:13:14,723 - python_multipart.multipart - DEBUG - Calling on_field_data with data[29:47]
2025-05-10 12:13:14,724 - python_multipart.multipart - DEBUG - Calling on_field_end with no data
2025-05-10 12:13:14,725 - python_multipart.multipart - DEBUG - Calling on_field_start with no data
2025-05-10 12:13:14,726 - python_multipart.multipart - DEBUG - Calling on_field_name with data[48:56]
2025-05-10 12:13:14,727 - python_multipart.multipart - DEBUG - Calling on_field_data with data[57:72]
2025-05-10 12:13:14,728 - python_multipart.multipart - DEBUG - Calling on_field_end with no data
2025-05-10 12:13:14,729 - python_multipart.multipart - DEBUG - Calling on_end with no data
2025-05-10 12:13:14,731 - backend.controladores.usuarioIngreso - INFO - Intento de login desde 127.0.0.1 para usuario: otro@example.com
2025-05-10 12:13:15,003 - backend.controladores.usuarioIngreso - WARNING - Autenticación fallida para usuario otro@example.com: Contraseńa incorrecta.
2025-05-10 12:13:15,004 - python_multipart.multipart - DEBUG - Calling on_field_start with no data
2025-05-10 12:13:15,005 - python_multipart.multipart - DEBUG - Calling on_field_name with data[0:10]
2025-05-10 12:13:15,005 - python_multipart.multipart - DEBUG - Calling on_field_data with data[11:19]
2025-05-10 12:13:15,006 - python_multipart.multipart - DEBUG - Calling on_field_end with no data
2025-05-10 12:13:15,006 - python_multipart.multipart - DEBUG - Calling on_field_start with no data
2025-05-10 12:13:15,006 - python_multipart.multipart - DEBUG - Calling on_field_name with data[20:28]
2025-05-10 12:13:15,007 - python_multipart.multipart - DEBUG - Calling on_field_data with data[29:47]
2025-05-10 12:13:15,007 - python_multipart.multipart - DEBUG - Calling on_field_end with no data
2025-05-10 12:13:15,008 - python_multipart.multipart - DEBUG - Calling on_field_start with no data
2025-05-10 12:13:15,008 - python_multipart.multipart - DEBUG - Calling on_field_name with data[48:56]
2025-05-10 12:13:15,008 - python_multipart.multipart - DEBUG - Calling on_field_data with data[57:72]
2025-05-10 12:13:15,009 - python_multipart.multipart - DEBUG - Calling on_field_end with no data
2025-05-10 12:13:15,009 - python_multipart.multipart - DEBUG - Calling on_end with no data
2025-05-10 12:13:15,012 - backend.controladores.usuarioIngreso - INFO - Intento de login desde 127.0.0.1 para usuario: otro@example.com
2025-05-10 12:13:15,285 - backend.controladores.usuarioIngreso - WARNING - Autenticación fallida para usuario otro@example.com: Contraseńa incorrecta.
2025-05-10 12:13:15,286 - python_multipart.multipart - DEBUG - Calling on_field_start with no data
2025-05-10 12:13:15,287 - python_multipart.multipart - DEBUG - Calling on_field_name with data[0:10]
2025-05-10 12:13:15,287 - python_multipart.multipart - DEBUG - Calling on_field_data with data[11:19]
2025-05-10 12:13:15,287 - python_multipart.multipart - DEBUG - Calling on_field_end with no data
2025-05-10 12:13:15,288 - python_multipart.multipart - DEBUG - Calling on_field_start with no data
2025-05-10 12:13:15,288 - python_multipart.multipart - DEBUG - Calling on_field_name with data[20:28]
2025-05-10 12:13:15,288 - python_multipart.multipart - DEBUG - Calling on_field_data with data[29:47]
2025-05-10 12:13:15,289 - python_multipart.multipart - DEBUG - Calling on_field_end with no data
2025-05-10 12:13:15,289 - python_multipart.multipart - DEBUG - Calling on_field_start with no data
2025-05-10 12:13:15,289 - python_multipart.multipart - DEBUG - Calling on_field_name with data[48:56]
2025-05-10 12:13:15,290 - python_multipart.multipart - DEBUG - Calling on_field_data with data[57:72]
2025-05-10 12:13:15,290 - python_multipart.multipart - DEBUG - Calling on_field_end with no data
2025-05-10 12:13:15,291 - python_multipart.multipart - DEBUG - Calling on_end with no data
2025-05-10 12:13:15,293 - backend.controladores.usuarioIngreso - INFO - Intento de login desde 127.0.0.1 para usuario: otro@example.com
2025-05-10 12:13:15,574 - backend.controladores.usuarioIngreso - WARNING - Autenticación fallida para usuario otro@example.com: Contraseńa incorrecta.
2025-05-10 12:13:17,308 - python_multipart.multipart - DEBUG - Calling on_field_start with no data
2025-05-10 12:13:17,309 - python_multipart.multipart - DEBUG - Calling on_field_name with data[0:10]
2025-05-10 12:13:17,310 - python_multipart.multipart - DEBUG - Calling on_field_data with data[11:19]
2025-05-10 12:13:17,310 - python_multipart.multipart - DEBUG - Calling on_field_end with no data
2025-05-10 12:13:17,311 - python_multipart.multipart - DEBUG - Calling on_field_start with no data
2025-05-10 12:13:17,311 - python_multipart.multipart - DEBUG - Calling on_field_name with data[20:28]
2025-05-10 12:13:17,311 - python_multipart.multipart - DEBUG - Calling on_field_data with data[29:47]
2025-05-10 12:13:17,312 - python_multipart.multipart - DEBUG - Calling on_field_end with no data
2025-05-10 12:13:17,312 - python_multipart.multipart - DEBUG - Calling on_field_start with no data
2025-05-10 12:13:17,313 - python_multipart.multipart - DEBUG - Calling on_field_name with data[48:56]
2025-05-10 12:13:17,313 - python_multipart.multipart - DEBUG - Calling on_field_data with data[57:72]
2025-05-10 12:13:17,314 - python_multipart.multipart - DEBUG - Calling on_field_end with no data
2025-05-10 12:13:17,314 - python_multipart.multipart - DEBUG - Calling on_end with no data
2025-05-10 12:13:17,317 - backend.controladores.usuarioIngreso - INFO - Intento de login desde 127.0.0.1 para usuario: otro@example.com
2025-05-10 12:13:17,590 - backend.controladores.usuarioIngreso - WARNING - Autenticación fallida para usuario otro@example.com: Contraseńa incorrecta.
2025-05-10 12:14:47,798 - python_multipart.multipart - DEBUG - Calling on_field_start with no data
2025-05-10 12:14:47,798 - python_multipart.multipart - DEBUG - Calling on_field_name with data[0:10]
2025-05-10 12:14:47,799 - python_multipart.multipart - DEBUG - Calling on_field_data with data[11:19]
2025-05-10 12:14:47,800 - python_multipart.multipart - DEBUG - Calling on_field_end with no data
2025-05-10 12:14:47,800 - python_multipart.multipart - DEBUG - Calling on_field_start with no data
2025-05-10 12:14:47,801 - python_multipart.multipart - DEBUG - Calling on_field_name with data[20:28]
2025-05-10 12:14:47,801 - python_multipart.multipart - DEBUG - Calling on_field_data with data[29:47]
2025-05-10 12:14:47,802 - python_multipart.multipart - DEBUG - Calling on_field_end with no data
2025-05-10 12:14:47,802 - python_multipart.multipart - DEBUG - Calling on_field_start with no data
2025-05-10 12:14:47,803 - python_multipart.multipart - DEBUG - Calling on_field_name with data[48:56]
2025-05-10 12:14:47,803 - python_multipart.multipart - DEBUG - Calling on_field_data with data[57:72]
2025-05-10 12:14:47,804 - python_multipart.multipart - DEBUG - Calling on_field_end with no data
2025-05-10 12:14:47,805 - python_multipart.multipart - DEBUG - Calling on_end with no data
2025-05-10 12:14:47,807 - backend.controladores.usuarioIngreso - INFO - Intento de login desde 127.0.0.1 para usuario: otro@example.com
2025-05-10 12:14:48,091 - backend.controladores.usuarioIngreso - WARNING - Autenticación fallida para usuario otro@example.com: Contraseńa incorrecta.
2025-05-10 12:15:46,206 - apscheduler.scheduler - DEBUG - Looking for jobs to run
2025-05-10 12:15:46,209 - apscheduler.executors.default - INFO - Running job "start_scheduler.<locals>.<lambda> (trigger: interval[0:05:00], next run at: 2025-05-10 12:20:46 -05)" (scheduled at 2025-05-10 12:15:46.191974-05:00)
2025-05-10 12:15:46,210 - apscheduler.scheduler - DEBUG - Next wakeup is due at 2025-05-10 12:20:46.191974-05:00 (in 299.981633 seconds)
2025-05-10 12:15:46,211 - asyncio - DEBUG - Using selector: SelectSelector
2025-05-10 12:15:46,432 - apscheduler.executors.default - INFO - Job "start_scheduler.<locals>.<lambda> (trigger: interval[0:05:00], next run at: 2025-05-10 12:20:46 -05)" executed successfully
2025-05-10 12:16:17,048 - backend.controladores.usuarioRegistro - INFO - Iniciando registro de usuario: otra@example.com
2025-05-10 12:16:17,347 - backend.controladores.usuarioRegistro - INFO - Usuario registrado correctamente: otra@example.com. Se ha enviado correo de activación.
2025-05-10 12:16:50,428 - backend.controladores.usuarioRegistro - DEBUG - Procesando activación de cuenta con token
2025-05-10 12:16:50,490 - backend.controladores.usuarioRegistro - INFO - Cuenta activada correctamente para: otra@example.com
2025-05-10 12:17:10,824 - python_multipart.multipart - DEBUG - Calling on_field_start with no data
2025-05-10 12:17:10,825 - python_multipart.multipart - DEBUG - Calling on_field_name with data[0:10]
2025-05-10 12:17:10,825 - python_multipart.multipart - DEBUG - Calling on_field_data with data[11:19]
2025-05-10 12:17:10,826 - python_multipart.multipart - DEBUG - Calling on_field_end with no data
2025-05-10 12:17:10,826 - python_multipart.multipart - DEBUG - Calling on_field_start with no data
2025-05-10 12:17:10,827 - python_multipart.multipart - DEBUG - Calling on_field_name with data[20:28]
2025-05-10 12:17:10,827 - python_multipart.multipart - DEBUG - Calling on_field_data with data[29:47]
2025-05-10 12:17:10,828 - python_multipart.multipart - DEBUG - Calling on_field_end with no data
2025-05-10 12:17:10,828 - python_multipart.multipart - DEBUG - Calling on_field_start with no data
2025-05-10 12:17:10,828 - python_multipart.multipart - DEBUG - Calling on_field_name with data[48:56]
2025-05-10 12:17:10,829 - python_multipart.multipart - DEBUG - Calling on_field_data with data[57:72]
2025-05-10 12:17:10,829 - python_multipart.multipart - DEBUG - Calling on_field_end with no data
2025-05-10 12:17:10,830 - python_multipart.multipart - DEBUG - Calling on_end with no data
2025-05-10 12:17:10,832 - backend.controladores.usuarioIngreso - INFO - Intento de login desde 127.0.0.1 para usuario: otra@example.com
2025-05-10 12:17:11,109 - backend.utilidades.seguridad - DEBUG - Token creado correctamente para usuario: otra@example.com
2025-05-10 12:17:11,109 - backend.controladores.usuarioIngreso - INFO - Login exitoso para el usuario otra@example.com
2025-05-10 12:20:46,211 - apscheduler.scheduler - DEBUG - Looking for jobs to run
2025-05-10 12:20:46,212 - apscheduler.scheduler - DEBUG - Next wakeup is due at 2025-05-10 12:25:46.191974-05:00 (in 299.979956 seconds)
2025-05-10 12:20:46,212 - apscheduler.executors.default - INFO - Running job "start_scheduler.<locals>.<lambda> (trigger: interval[0:05:00], next run at: 2025-05-10 12:25:46 -05)" (scheduled at 2025-05-10 12:20:46.191974-05:00)
2025-05-10 12:20:46,213 - asyncio - DEBUG - Using selector: SelectSelector
2025-05-10 12:20:46,242 - apscheduler.executors.default - INFO - Job "start_scheduler.<locals>.<lambda> (trigger: interval[0:05:00], next run at: 2025-05-10 12:25:46 -05)" executed successfully
2025-05-10 12:22:40,172 - passlib.utils.compat - DEBUG - loaded lazy attr 'SafeConfigParser': <class 'configparser.ConfigParser'>
2025-05-10 12:22:40,173 - passlib.utils.compat - DEBUG - loaded lazy attr 'NativeStringIO': <class '_io.StringIO'>
2025-05-10 12:22:40,173 - passlib.utils.compat - DEBUG - loaded lazy attr 'BytesIO': <class '_io.BytesIO'>
2025-05-10 12:22:40,181 - passlib.registry - DEBUG - registered 'bcrypt' handler: <class 'passlib.handlers.bcrypt.bcrypt'>
2025-05-10 12:22:40,531 - backend.main - INFO - Aplicación configurada y lista para recibir peticiones
2025-05-10 12:22:40,533 - backend.main - INFO - Iniciando aplicación y configurando scheduler
2025-05-10 12:22:40,533 - tzlocal - DEBUG - Looking up time zone info from registry
2025-05-10 12:22:40,544 - apscheduler.scheduler - INFO - Adding job tentatively -- it will be properly scheduled when the scheduler starts
2025-05-10 12:22:40,546 - apscheduler.scheduler - INFO - Added job "start_scheduler.<locals>.<lambda>" to job store "default"
2025-05-10 12:22:40,547 - apscheduler.scheduler - INFO - Scheduler started
2025-05-10 12:22:40,547 - apscheduler.scheduler - DEBUG - Looking for jobs to run
2025-05-10 12:22:40,548 - backend.main - INFO - Scheduler configurado correctamente
2025-05-10 12:22:40,548 - apscheduler.scheduler - DEBUG - Next wakeup is due at 2025-05-10 12:27:40.544792-05:00 (in 299.996466 seconds)
2025-05-10 12:22:45,992 - passlib.utils.compat - DEBUG - loaded lazy attr 'SafeConfigParser': <class 'configparser.ConfigParser'>
2025-05-10 12:22:45,993 - passlib.utils.compat - DEBUG - loaded lazy attr 'NativeStringIO': <class '_io.StringIO'>
2025-05-10 12:22:45,993 - passlib.utils.compat - DEBUG - loaded lazy attr 'BytesIO': <class '_io.BytesIO'>
2025-05-10 12:22:45,999 - passlib.registry - DEBUG - registered 'bcrypt' handler: <class 'passlib.handlers.bcrypt.bcrypt'>
2025-05-10 12:22:46,084 - backend.main - INFO - Aplicación configurada y lista para recibir peticiones
2025-05-10 12:22:46,086 - backend.main - INFO - Iniciando aplicación y configurando scheduler
2025-05-10 12:22:46,086 - tzlocal - DEBUG - Looking up time zone info from registry
2025-05-10 12:22:46,095 - apscheduler.scheduler - INFO - Adding job tentatively -- it will be properly scheduled when the scheduler starts
2025-05-10 12:22:46,097 - apscheduler.scheduler - INFO - Added job "start_scheduler.<locals>.<lambda>" to job store "default"
2025-05-10 12:22:46,097 - apscheduler.scheduler - INFO - Scheduler started
2025-05-10 12:22:46,098 - apscheduler.scheduler - DEBUG - Looking for jobs to run
2025-05-10 12:22:46,098 - backend.main - INFO - Scheduler configurado correctamente
2025-05-10 12:22:46,098 - apscheduler.scheduler - DEBUG - Next wakeup is due at 2025-05-10 12:27:46.095033-05:00 (in 299.996409 seconds)
2025-05-10 12:23:07,513 - backend.controladores.usuarioRegistro - INFO - Iniciando registro de usuario: registro@example.com
2025-05-10 12:23:07,542 - passlib.handlers.bcrypt - WARNING - (trapped) error reading bcrypt version
Traceback (most recent call last):
  File "D:\Code Snippets\Python\FastAPI\2025\Yavanna\backend\venv\Lib\site-packages\passlib\handlers\bcrypt.py", line 620, in _load_backend_mixin
    version = _bcrypt.__about__.__version__
              ^^^^^^^^^^^^^^^^^
AttributeError: module 'bcrypt' has no attribute '__about__'
2025-05-10 12:23:07,544 - passlib.handlers.bcrypt - DEBUG - detected 'bcrypt' backend, version '<unknown>'
2025-05-10 12:23:07,545 - passlib.handlers.bcrypt - DEBUG - 'bcrypt' backend lacks $2$ support, enabling workaround
2025-05-10 12:23:07,867 - backend.controladores.usuarioRegistro - INFO - Usuario registrado correctamente: registro@example.com. Se ha enviado correo de activación.
2025-05-10 12:23:22,341 - backend.controladores.usuarioRegistro - DEBUG - Procesando activación de cuenta con token
2025-05-10 12:23:22,405 - backend.controladores.usuarioRegistro - INFO - Cuenta activada correctamente para: registro@example.com
2025-05-10 12:23:43,914 - python_multipart.multipart - DEBUG - Calling on_field_start with no data
2025-05-10 12:23:43,915 - python_multipart.multipart - DEBUG - Calling on_field_name with data[0:10]
2025-05-10 12:23:43,915 - python_multipart.multipart - DEBUG - Calling on_field_data with data[11:19]
2025-05-10 12:23:43,916 - python_multipart.multipart - DEBUG - Calling on_field_end with no data
2025-05-10 12:23:43,917 - python_multipart.multipart - DEBUG - Calling on_field_start with no data
2025-05-10 12:23:43,917 - python_multipart.multipart - DEBUG - Calling on_field_name with data[20:28]
2025-05-10 12:23:43,918 - python_multipart.multipart - DEBUG - Calling on_field_data with data[29:51]
2025-05-10 12:23:43,919 - python_multipart.multipart - DEBUG - Calling on_field_end with no data
2025-05-10 12:23:43,920 - python_multipart.multipart - DEBUG - Calling on_field_start with no data
2025-05-10 12:23:43,920 - python_multipart.multipart - DEBUG - Calling on_field_name with data[52:60]
2025-05-10 12:23:43,921 - python_multipart.multipart - DEBUG - Calling on_field_data with data[61:69]
2025-05-10 12:23:43,923 - python_multipart.multipart - DEBUG - Calling on_field_end with no data
2025-05-10 12:23:43,923 - python_multipart.multipart - DEBUG - Calling on_end with no data
2025-05-10 12:23:43,926 - backend.controladores.usuarioIngreso - INFO - Intento de login desde 127.0.0.1 para usuario: registro@example.com
2025-05-10 12:23:44,207 - backend.utilidades.seguridad - DEBUG - Token creado correctamente para usuario: registro@example.com
2025-05-10 12:23:44,208 - backend.controladores.usuarioIngreso - INFO - Login exitoso para el usuario registro@example.com
2025-05-10 12:24:21,756 - passlib.utils.compat - DEBUG - loaded lazy attr 'SafeConfigParser': <class 'configparser.ConfigParser'>
2025-05-10 12:24:21,756 - passlib.utils.compat - DEBUG - loaded lazy attr 'NativeStringIO': <class '_io.StringIO'>
2025-05-10 12:24:21,757 - passlib.utils.compat - DEBUG - loaded lazy attr 'BytesIO': <class '_io.BytesIO'>
2025-05-10 12:24:21,763 - passlib.registry - DEBUG - registered 'bcrypt' handler: <class 'passlib.handlers.bcrypt.bcrypt'>
2025-05-10 12:24:21,970 - backend.main - INFO - Aplicación configurada y lista para recibir peticiones
2025-05-10 12:24:21,971 - backend.main - INFO - Iniciando aplicación y configurando scheduler
2025-05-10 12:24:21,971 - tzlocal - DEBUG - Looking up time zone info from registry
2025-05-10 12:24:21,980 - apscheduler.scheduler - INFO - Adding job tentatively -- it will be properly scheduled when the scheduler starts
2025-05-10 12:24:21,982 - apscheduler.scheduler - INFO - Added job "start_scheduler.<locals>.<lambda>" to job store "default"
2025-05-10 12:24:21,982 - apscheduler.scheduler - INFO - Scheduler started
2025-05-10 12:24:21,983 - apscheduler.scheduler - DEBUG - Looking for jobs to run
2025-05-10 12:24:21,983 - backend.main - INFO - Scheduler configurado correctamente
2025-05-10 12:24:21,984 - apscheduler.scheduler - DEBUG - Next wakeup is due at 2025-05-10 12:29:21.980317-05:00 (in 299.996070 seconds)
2025-05-10 12:28:33,907 - backend.utilidades.dependencias - DEBUG - Verificando autenticación para cliente: 127.0.0.1:56485
2025-05-10 12:28:33,907 - backend.utilidades.dependencias - DEBUG - Decodificando token JWT
2025-05-10 12:28:33,908 - backend.utilidades.dependencias - DEBUG - Token decodificado exitosamente para: registro@example.com
2025-05-10 12:28:33,960 - backend.utilidades.dependencias - DEBUG - Usuario autenticado exitosamente: registro@example.com
2025-05-10 12:28:33,965 - passlib.handlers.bcrypt - WARNING - (trapped) error reading bcrypt version
Traceback (most recent call last):
  File "D:\Code Snippets\Python\FastAPI\2025\Yavanna\backend\venv\Lib\site-packages\passlib\handlers\bcrypt.py", line 620, in _load_backend_mixin
    version = _bcrypt.__about__.__version__
              ^^^^^^^^^^^^^^^^^
AttributeError: module 'bcrypt' has no attribute '__about__'
2025-05-10 12:28:33,968 - passlib.handlers.bcrypt - DEBUG - detected 'bcrypt' backend, version '<unknown>'
2025-05-10 12:28:33,968 - passlib.handlers.bcrypt - DEBUG - 'bcrypt' backend lacks $2$ support, enabling workaround
2025-05-10 12:28:51,087 - backend.utilidades.dependencias - DEBUG - Verificando autenticación para cliente: 127.0.0.1:56486
2025-05-10 12:28:51,088 - backend.utilidades.dependencias - DEBUG - Decodificando token JWT
2025-05-10 12:28:51,088 - backend.utilidades.dependencias - DEBUG - Token decodificado exitosamente para: registro@example.com
2025-05-10 12:28:51,091 - backend.utilidades.dependencias - DEBUG - Usuario autenticado exitosamente: registro@example.com
2025-05-10 12:29:21,989 - apscheduler.scheduler - DEBUG - Looking for jobs to run
2025-05-10 12:29:21,990 - apscheduler.executors.default - INFO - Running job "start_scheduler.<locals>.<lambda> (trigger: interval[0:05:00], next run at: 2025-05-10 12:34:21 -05)" (scheduled at 2025-05-10 12:29:21.980317-05:00)
2025-05-10 12:29:21,991 - apscheduler.scheduler - DEBUG - Next wakeup is due at 2025-05-10 12:34:21.980317-05:00 (in 299.989015 seconds)
2025-05-10 12:29:21,991 - asyncio - DEBUG - Using selector: SelectSelector
2025-05-10 12:29:22,248 - apscheduler.executors.default - INFO - Job "start_scheduler.<locals>.<lambda> (trigger: interval[0:05:00], next run at: 2025-05-10 12:34:21 -05)" executed successfully
2025-05-10 12:29:52,371 - backend.utilidades.dependencias - DEBUG - Verificando autenticación para cliente: 127.0.0.1:56501
2025-05-10 12:29:52,371 - backend.utilidades.dependencias - DEBUG - Decodificando token JWT
2025-05-10 12:29:52,372 - backend.utilidades.dependencias - DEBUG - Token decodificado exitosamente para: registro@example.com
2025-05-10 12:29:52,379 - backend.utilidades.dependencias - DEBUG - Usuario autenticado exitosamente: registro@example.com
2025-05-10 12:30:18,044 - python_multipart.multipart - DEBUG - Calling on_field_start with no data
2025-05-10 12:30:18,044 - python_multipart.multipart - DEBUG - Calling on_field_name with data[0:10]
2025-05-10 12:30:18,044 - python_multipart.multipart - DEBUG - Calling on_field_data with data[11:19]
2025-05-10 12:30:18,045 - python_multipart.multipart - DEBUG - Calling on_field_end with no data
2025-05-10 12:30:18,045 - python_multipart.multipart - DEBUG - Calling on_field_start with no data
2025-05-10 12:30:18,046 - python_multipart.multipart - DEBUG - Calling on_field_name with data[20:28]
2025-05-10 12:30:18,046 - python_multipart.multipart - DEBUG - Calling on_field_data with data[29:51]
2025-05-10 12:30:18,046 - python_multipart.multipart - DEBUG - Calling on_field_end with no data
2025-05-10 12:30:18,047 - python_multipart.multipart - DEBUG - Calling on_field_start with no data
2025-05-10 12:30:18,047 - python_multipart.multipart - DEBUG - Calling on_field_name with data[52:60]
2025-05-10 12:30:18,047 - python_multipart.multipart - DEBUG - Calling on_field_data with data[61:69]
2025-05-10 12:30:18,048 - python_multipart.multipart - DEBUG - Calling on_field_end with no data
2025-05-10 12:30:18,048 - python_multipart.multipart - DEBUG - Calling on_end with no data
2025-05-10 12:30:18,050 - backend.controladores.usuarioIngreso - INFO - Intento de login desde 127.0.0.1 para usuario: registro@example.com
2025-05-10 12:30:18,347 - backend.utilidades.seguridad - DEBUG - Token creado correctamente para usuario: registro@example.com
2025-05-10 12:30:18,348 - backend.controladores.usuarioIngreso - INFO - Login exitoso para el usuario registro@example.com
2025-05-10 12:31:00,046 - backend.utilidades.dependencias - DEBUG - Verificando autenticación para cliente: 127.0.0.1:56533
2025-05-10 12:31:00,046 - backend.utilidades.dependencias - DEBUG - Decodificando token JWT
2025-05-10 12:31:00,047 - backend.utilidades.dependencias - DEBUG - Token decodificado exitosamente para: registro@example.com
2025-05-10 12:31:00,049 - backend.utilidades.dependencias - DEBUG - Usuario autenticado exitosamente: registro@example.com
2025-05-10 12:34:21,991 - apscheduler.scheduler - DEBUG - Looking for jobs to run
2025-05-10 12:34:21,992 - apscheduler.scheduler - DEBUG - Next wakeup is due at 2025-05-10 12:39:21.980317-05:00 (in 299.987945 seconds)
2025-05-10 12:34:21,992 - apscheduler.executors.default - INFO - Running job "start_scheduler.<locals>.<lambda> (trigger: interval[0:05:00], next run at: 2025-05-10 12:39:21 -05)" (scheduled at 2025-05-10 12:34:21.980317-05:00)
2025-05-10 12:34:21,993 - asyncio - DEBUG - Using selector: SelectSelector
2025-05-10 12:34:22,028 - apscheduler.executors.default - INFO - Job "start_scheduler.<locals>.<lambda> (trigger: interval[0:05:00], next run at: 2025-05-10 12:39:21 -05)" executed successfully
2025-05-10 12:39:21,990 - apscheduler.scheduler - DEBUG - Looking for jobs to run
2025-05-10 12:39:21,991 - apscheduler.scheduler - DEBUG - Next wakeup is due at 2025-05-10 12:44:21.980317-05:00 (in 299.988777 seconds)
2025-05-10 12:39:21,991 - apscheduler.executors.default - INFO - Running job "start_scheduler.<locals>.<lambda> (trigger: interval[0:05:00], next run at: 2025-05-10 12:44:21 -05)" (scheduled at 2025-05-10 12:39:21.980317-05:00)
2025-05-10 12:39:21,992 - asyncio - DEBUG - Using selector: SelectSelector
2025-05-10 12:39:22,034 - apscheduler.executors.default - INFO - Job "start_scheduler.<locals>.<lambda> (trigger: interval[0:05:00], next run at: 2025-05-10 12:44:21 -05)" executed successfully
2025-05-10 12:44:21,990 - apscheduler.scheduler - DEBUG - Looking for jobs to run
2025-05-10 12:44:21,992 - apscheduler.scheduler - DEBUG - Next wakeup is due at 2025-05-10 12:49:21.980317-05:00 (in 299.987810 seconds)
2025-05-10 12:44:21,993 - apscheduler.executors.default - INFO - Running job "start_scheduler.<locals>.<lambda> (trigger: interval[0:05:00], next run at: 2025-05-10 12:49:21 -05)" (scheduled at 2025-05-10 12:44:21.980317-05:00)
2025-05-10 12:44:21,995 - asyncio - DEBUG - Using selector: SelectSelector
2025-05-10 12:44:22,038 - apscheduler.executors.default - INFO - Job "start_scheduler.<locals>.<lambda> (trigger: interval[0:05:00], next run at: 2025-05-10 12:49:21 -05)" executed successfully
2025-05-10 12:49:21,988 - apscheduler.scheduler - DEBUG - Looking for jobs to run
2025-05-10 12:49:21,991 - apscheduler.scheduler - DEBUG - Next wakeup is due at 2025-05-10 12:54:21.980317-05:00 (in 299.989045 seconds)
2025-05-10 12:49:21,992 - apscheduler.executors.default - INFO - Running job "start_scheduler.<locals>.<lambda> (trigger: interval[0:05:00], next run at: 2025-05-10 12:54:21 -05)" (scheduled at 2025-05-10 12:49:21.980317-05:00)
2025-05-10 12:49:21,993 - asyncio - DEBUG - Using selector: SelectSelector
2025-05-10 12:49:22,030 - apscheduler.executors.default - INFO - Job "start_scheduler.<locals>.<lambda> (trigger: interval[0:05:00], next run at: 2025-05-10 12:54:21 -05)" executed successfully
2025-05-10 12:54:21,993 - apscheduler.scheduler - DEBUG - Looking for jobs to run
2025-05-10 12:54:21,994 - apscheduler.scheduler - DEBUG - Next wakeup is due at 2025-05-10 12:59:21.980317-05:00 (in 299.985852 seconds)
2025-05-10 12:54:21,994 - apscheduler.executors.default - INFO - Running job "start_scheduler.<locals>.<lambda> (trigger: interval[0:05:00], next run at: 2025-05-10 12:59:21 -05)" (scheduled at 2025-05-10 12:54:21.980317-05:00)
2025-05-10 12:54:21,995 - asyncio - DEBUG - Using selector: SelectSelector
2025-05-10 12:54:22,036 - apscheduler.executors.default - INFO - Job "start_scheduler.<locals>.<lambda> (trigger: interval[0:05:00], next run at: 2025-05-10 12:59:21 -05)" executed successfully
